<?xml version="1.0" encoding="UTF-8"?>
<testsuite name="JUnit Jupiter" tests="5" skipped="0" failures="0" errors="0" time="0.128" hostname="nixos" timestamp="2018-01-31T14:44:27">
    <properties>
        <property name="awt.toolkit" value="sun.awt.X11.XToolkit"/>
        <property name="file.encoding" value="UTF-8"/>
        <property name="file.encoding.pkg" value="sun.io"/>
        <property name="file.separator" value="/"/>
        <property name="java.awt.graphicsenv" value="sun.awt.X11GraphicsEnvironment"/>
        <property name="java.awt.printerjob" value="sun.print.PSPrinterJob"/>
        <property name="java.class.path" value="/home/jdanek/Work/repos/maven-tool/build/classes/java/test:/home/jdanek/Work/repos/maven-tool/build/classes/kotlin/test:/home/jdanek/Work/repos/maven-tool/build/resources/test:/home/jdanek/Work/repos/maven-tool/build/classes/java/main:/home/jdanek/Work/repos/maven-tool/build/classes/kotlin/main:/home/jdanek/Work/repos/maven-tool/build/resources/main:/home/jdanek/.gradle/caches/modules-2/files-2.1/org.apache.commons/commons-compress/1.15/b686cd04abaef1ea7bc5e143c080563668eec17e/commons-compress-1.15.jar:/home/jdanek/.gradle/caches/modules-2/files-2.1/org.jetbrains.kotlin/kotlin-stdlib-jre8/1.1.60/9690932bceff9116dba0094dece6d24ba9e52596/kotlin-stdlib-jre8-1.1.60.jar:/home/jdanek/.gradle/caches/modules-2/files-2.1/org.jetbrains.kotlin/kotlin-test/1.1.60/85c9b86c3ef1251824915addd642f236182e5cb4/kotlin-test-1.1.60.jar:/home/jdanek/.gradle/caches/modules-2/files-2.1/com.google.truth/truth/0.36/7485219d2c1d341097a19382c02bde07e69ff5d2/truth-0.36.jar:/home/jdanek/.gradle/caches/modules-2/files-2.1/org.junit.vintage/junit-vintage-engine/4.12.2/3ee780f46c5669ba5cf6a70405c49becec6f2cef/junit-vintage-engine-4.12.2.jar:/home/jdanek/.gradle/caches/modules-2/files-2.1/junit/junit/4.12/2973d150c0dc1fefe998f834810d68f278ea58ec/junit-4.12.jar:/home/jdanek/.gradle/caches/modules-2/files-2.1/org.junit.jupiter/junit-jupiter-engine/5.0.1/e22d2bf87f43fb03fee14dea447b2a14f41b095f/junit-jupiter-engine-5.0.1.jar:/home/jdanek/.gradle/caches/modules-2/files-2.1/org.junit.jupiter/junit-jupiter-api/5.0.1/30fbf4448c594cb45d8e91630d6bb7f465906b88/junit-jupiter-api-5.0.1.jar:/home/jdanek/.gradle/caches/modules-2/files-2.1/org.apache.logging.log4j/log4j-core/2.9.1/c041978c686866ee8534f538c6220238db3bb6be/log4j-core-2.9.1.jar:/home/jdanek/.gradle/caches/modules-2/files-2.1/org.apache.logging.log4j/log4j-jul/2.9.1/20950ce865fde280a81b99787dd5b66bf5ea571f/log4j-jul-2.9.1.jar:/home/jdanek/.gradle/caches/modules-2/files-2.1/org.objenesis/objenesis/2.6/639033469776fd37c08358c6b92a4761feb2af4b/objenesis-2.6.jar:/home/jdanek/.gradle/caches/modules-2/files-2.1/org.jetbrains.kotlin/kotlin-stdlib-jre7/1.1.60/51aaa4c2a3dab2054bc1554d29632cc5510bdb4f/kotlin-stdlib-jre7-1.1.60.jar:/home/jdanek/.gradle/caches/modules-2/files-2.1/org.jetbrains.kotlin/kotlin-stdlib/1.1.60/ac63d0e86e690fe4eded7f1f8998996c28499989/kotlin-stdlib-1.1.60.jar:/home/jdanek/.gradle/caches/modules-2/files-2.1/com.google.guava/guava/22.0-android/7b2fc7ef242f35bc2c9a3b816ed846c9345e3f95/guava-22.0-android.jar:/home/jdanek/.gradle/caches/modules-2/files-2.1/com.google.errorprone/error_prone_annotations/2.0.19/c3754a0bdd545b00ddc26884f9e7624f8b6a14de/error_prone_annotations-2.0.19.jar:/home/jdanek/.gradle/caches/modules-2/files-2.1/org.hamcrest/hamcrest-core/1.3/42a25dc3219429f0e5d060061f71acb49bf010a0/hamcrest-core-1.3.jar:/home/jdanek/.gradle/caches/modules-2/files-2.1/org.junit.platform/junit-platform-engine/1.0.2/ae5d9b8c44d78da636e4e1e00a907fe0fb7bcb8f/junit-platform-engine-1.0.2.jar:/home/jdanek/.gradle/caches/modules-2/files-2.1/org.opentest4j/opentest4j/1.0.0/6f09c598e9ff64bf0ce2fa7e7de49a99ba83c0b4/opentest4j-1.0.0.jar:/home/jdanek/.gradle/caches/modules-2/files-2.1/org.junit.platform/junit-platform-commons/1.0.2/e348a3a67940694f0718d04f9b0784b3dfb7819b/junit-platform-commons-1.0.2.jar:/home/jdanek/.gradle/caches/modules-2/files-2.1/org.apache.logging.log4j/log4j-api/2.9.1/7a2999229464e7a324aa503c0a52ec0f05efe7bd/log4j-api-2.9.1.jar:/home/jdanek/.gradle/caches/modules-2/files-2.1/org.jetbrains/annotations/13.0/919f0dfe192fb4e063e7dacadee7f8bb9a2672a9/annotations-13.0.jar:/home/jdanek/.gradle/caches/modules-2/files-2.1/com.google.code.findbugs/jsr305/1.3.9/40719ea6961c0cb6afaeb6a921eaa1f6afd4cfdf/jsr305-1.3.9.jar:/home/jdanek/.gradle/caches/modules-2/files-2.1/com.google.j2objc/j2objc-annotations/1.1/976d8d30bebc251db406f2bdb3eb01962b5685b3/j2objc-annotations-1.1.jar:/home/jdanek/.gradle/caches/modules-2/files-2.1/org.codehaus.mojo/animal-sniffer-annotations/1.14/775b7e22fb10026eed3f86e8dc556dfafe35f2d5/animal-sniffer-annotations-1.14.jar:/home/jdanek/.gradle/caches/modules-2/files-2.1/org.junit.platform/junit-platform-console/1.0.2/2bf2cd18040bfe229bad813c7ab150a0f7ea8153/junit-platform-console-1.0.2.jar:/home/jdanek/.gradle/caches/modules-2/files-2.1/org.junit.platform/junit-platform-launcher/1.0.2/7cd136827fbfe3e6301b95f0340d654ad54feaa4/junit-platform-launcher-1.0.2.jar"/>
        <property name="java.class.version" value="52.0"/>
        <property name="java.endorsed.dirs" value="/nix/store/czgng850qiyypz28a82qvlxz9qzjyn84-jetbrainsjdk-152b1036.1/jre/lib/endorsed"/>
        <property name="java.ext.dirs" value="/nix/store/czgng850qiyypz28a82qvlxz9qzjyn84-jetbrainsjdk-152b1036.1/jre/lib/ext:/usr/java/packages/lib/ext"/>
        <property name="java.home" value="/nix/store/czgng850qiyypz28a82qvlxz9qzjyn84-jetbrainsjdk-152b1036.1/jre"/>
        <property name="java.io.tmpdir" value="/tmp"/>
        <property name="java.library.path" value="/nix/store/bbv5gnx7b2hbkvkyfrzs0yjmakzvcvs9-gcc-6.4.0-lib/lib:/run/opengl-driver/lib:/usr/java/packages/lib/amd64:/usr/lib64:/lib64:/lib:/usr/lib"/>
        <property name="java.runtime.name" value="OpenJDK Runtime Environment"/>
        <property name="java.runtime.version" value="1.8.0_152-release-1036-b1"/>
        <property name="java.specification.name" value="Java Platform API Specification"/>
        <property name="java.specification.vendor" value="Oracle Corporation"/>
        <property name="java.specification.version" value="1.8"/>
        <property name="java.vendor" value="JetBrains s.r.o"/>
        <property name="java.vendor.url" value="https://www.jetbrains.com/"/>
        <property name="java.vendor.url.bug" value="https://youtrack.jetbrains.com"/>
        <property name="java.version" value="1.8.0_152-release"/>
        <property name="java.vm.info" value="mixed mode"/>
        <property name="java.vm.name" value="OpenJDK 64-Bit Server VM"/>
        <property name="java.vm.specification.name" value="Java Virtual Machine Specification"/>
        <property name="java.vm.specification.vendor" value="Oracle Corporation"/>
        <property name="java.vm.specification.version" value="1.8"/>
        <property name="java.vm.vendor" value="JetBrains s.r.o"/>
        <property name="java.vm.version" value="25.152-b1"/>
        <property name="line.separator" value="
"/>
        <property name="os.arch" value="amd64"/>
        <property name="os.name" value="Linux"/>
        <property name="os.version" value="4.9.78"/>
        <property name="path.separator" value=":"/>
        <property name="sun.arch.data.model" value="64"/>
        <property name="sun.boot.class.path" value="/nix/store/czgng850qiyypz28a82qvlxz9qzjyn84-jetbrainsjdk-152b1036.1/jre/lib/resources.jar:/nix/store/czgng850qiyypz28a82qvlxz9qzjyn84-jetbrainsjdk-152b1036.1/jre/lib/rt.jar:/nix/store/czgng850qiyypz28a82qvlxz9qzjyn84-jetbrainsjdk-152b1036.1/jre/lib/sunrsasign.jar:/nix/store/czgng850qiyypz28a82qvlxz9qzjyn84-jetbrainsjdk-152b1036.1/jre/lib/jsse.jar:/nix/store/czgng850qiyypz28a82qvlxz9qzjyn84-jetbrainsjdk-152b1036.1/jre/lib/jce.jar:/nix/store/czgng850qiyypz28a82qvlxz9qzjyn84-jetbrainsjdk-152b1036.1/jre/lib/charsets.jar:/nix/store/czgng850qiyypz28a82qvlxz9qzjyn84-jetbrainsjdk-152b1036.1/jre/lib/jfr.jar:/nix/store/czgng850qiyypz28a82qvlxz9qzjyn84-jetbrainsjdk-152b1036.1/jre/classes"/>
        <property name="sun.boot.library.path" value="/nix/store/czgng850qiyypz28a82qvlxz9qzjyn84-jetbrainsjdk-152b1036.1/jre/lib/amd64"/>
        <property name="sun.cpu.endian" value="little"/>
        <property name="sun.cpu.isalist" value=""/>
        <property name="sun.io.unicode.encoding" value="UnicodeLittle"/>
        <property name="sun.java.command" value="org.junit.platform.console.ConsoleLauncher --details NONE --scan-class-path /home/jdanek/Work/repos/maven-tool/build/classes/java/main:/home/jdanek/Work/repos/maven-tool/build/classes/kotlin/main:/home/jdanek/Work/repos/maven-tool/build/resources/main:/home/jdanek/Work/repos/maven-tool/build/classes/java/test:/home/jdanek/Work/repos/maven-tool/build/classes/kotlin/test:/home/jdanek/Work/repos/maven-tool/build/resources/test -n ^.*Tests?$ --reports-dir /home/jdanek/Work/repos/maven-tool/build/test-results/junit-platform"/>
        <property name="sun.java.launcher" value="SUN_STANDARD"/>
        <property name="sun.jnu.encoding" value="UTF-8"/>
        <property name="sun.management.compiler" value="HotSpot 64-Bit Tiered Compilers"/>
        <property name="sun.os.patch.level" value="unknown"/>
        <property name="user.country" value="US"/>
        <property name="user.dir" value="/home/jdanek/Work/repos/maven-tool"/>
        <property name="user.home" value="/home/jdanek"/>
        <property name="user.language" value="en"/>
        <property name="user.name" value="jdanek"/>
        <property name="user.timezone" value="Europe/Prague"/>
        <property name="user.variant" value=""/>
    </properties>
    <testcase name="walkingResultsFileTree()" classname="com.redhat.mqe.Tests" time="0.038">
        <system-out><![CDATA[
unique-id: [engine:junit-jupiter]/[class:com.redhat.mqe.Tests]/[method:walkingResultsFileTree()]
display-name: walkingResultsFileTree()
]]></system-out>
    </testcase>
    <testcase name="matchingSurefireTestResultFiles()" classname="com.redhat.mqe.Tests" time="0.002">
        <system-out><![CDATA[
unique-id: [engine:junit-jupiter]/[class:com.redhat.mqe.Tests]/[method:matchingSurefireTestResultFiles()]
display-name: matchingSurefireTestResultFiles()
]]></system-out>
    </testcase>
    <testcase name="compressingTestResultsToTarBz2()" classname="com.redhat.mqe.Tests" time="0.027">
        <system-out><![CDATA[
unique-id: [engine:junit-jupiter]/[class:com.redhat.mqe.Tests]/[method:compressingTestResultsToTarBz2()]
display-name: compressingTestResultsToTarBz2()
]]></system-out>
    </testcase>
    <testcase name="compressingTestResultsToZip()" classname="com.redhat.mqe.Tests" time="0.018">
        <system-out><![CDATA[
unique-id: [engine:junit-jupiter]/[class:com.redhat.mqe.Tests]/[method:compressingTestResultsToZip()]
display-name: compressingTestResultsToZip()
]]></system-out>
    </testcase>
    <testcase name="compressFilesToGivenPaths()" classname="com.redhat.mqe.Tests" time="0.018">
        <system-out><![CDATA[
unique-id: [engine:junit-jupiter]/[class:com.redhat.mqe.Tests]/[method:compressFilesToGivenPaths()]
display-name: compressFilesToGivenPaths()
]]></system-out>
    </testcase>
    <system-out><![CDATA[
unique-id: [engine:junit-jupiter]
display-name: JUnit Jupiter
]]></system-out>
</testsuite>
